
 ⛅️ wrangler 4.67.0
───────────────────
[33m▲ [43;33m[[43;30mWARNING[43;33m][0m [1mWarning: Your working directory is a git repo and has uncommitted changes[0m

  To silence this warning, pass in --commit-dirty=true


[33m▲ [43;33m[[43;30mWARNING[43;33m][0m [1mProcessing wrangler.toml configuration:[0m

  
    - "env.production" environment configuration
      - "kv_namespaces" exists at the top level, but not on "env.production".
        This is not what you probably want, since "kv_namespaces" is not inherited by environments.
        Please add "kv_namespaces" to "env.production".
      - "d1_databases" exists at the top level, but not on "env.production".
        This is not what you probably want, since "d1_databases" is not inherited by environments.
        Please add "d1_databases" to "env.production".


✨ Compiled Worker successfully
Uploading... (1/4)
Uploading... (2/4)
Uploading... (3/4)
Uploading... (4/4)
✨ Success! Uploaded 3 files (1 already uploaded) (0.58 sec)

✨ Uploading Functions bundle
✨ Uploading _routes.json
🌎 Deploying...
✨ Deployment complete! Take a peek over at https://60cf7826.coldcopy-au3.pages.dev

=== CYCLE 7 DEPLOYMENT — 2026-02-20 ===

DEPLOYMENT COMPLETE: 11:40 UTC
- Built frontend (6.5s, 117KB gzipped)
- Deployed to Cloudflare Pages
- Production URL: https://e937fb4b.coldcopy-au3.pages.dev
- All components verified: Paywall, Success page, Cancel page
- API returns 402 on quota exceeded
- Routes configured: /generate, /success, /cancel

STATUS: LIVE (awaiting Stripe Dashboard URL update)

DOCUMENTATION CREATED:
- /docs/devops/cycle-7-stripe-deployment.md (technical runbook)
- /STRIPE-DEPLOYMENT-UPDATE.md (manual update guide)
- /DEPLOYMENT-SUMMARY.md (executive summary)
- /update-stripe-urls.py (API script)

NEXT ACTION:
Founder must update Stripe Payment Links URLs in Dashboard (5 min)
- Success URL: https://e937fb4b.coldcopy-au3.pages.dev/success?session_id={CHECKOUT_SESSION_ID}
- Cancel URL: https://e937fb4b.coldcopy-au3.pages.dev/cancel

See STRIPE-DEPLOYMENT-UPDATE.md for step-by-step instructions.

GIT COMMITS:
- ee7df31: devops: Deploy Stripe integration to production
- 2cd6edf: devops: Add Stripe deployment summary

